"Start of log file."
"C:/Users/ALUMNOS/DOCUME~1/juego/Assets/linterna.max"
"Starting max loading and fbx conversion"
window = undefined
"Settings units"
"Before fbx export"
"After fbx export"
"Finished max loading and fbx conversion"
"C:/Users/ALUMNOS/DOCUME~1/juego/Assets/linterna.max"
"Starting max loading and fbx conversion"
window = undefined
"Settings units"
"Before fbx export"
"After fbx export"
"Finished max loading and fbx conversion"
"C:/Users/ALUMNOS/DOCUME~1/juego/Assets/linterna.max"
"Starting max loading and fbx conversion"
window = undefined
"Settings units"
"Before fbx export"
"After fbx export"
"Finished max loading and fbx conversion"
